2026-02-19 21:50:54.552 -08:00 [ERR] Login failed due to runtime error.
System.Data.Odbc.OdbcException (0x80131937): ERROR [HY000] [Microsoft][ODBC Microsoft Access Driver] Cannot open a database created with a previous version of your application.
ERROR [IM006] [Microsoft][ODBC Microsoft Access Driver] Cannot open a database created with a previous version of your application.[Microsoft][ODBC Driver Manager] Driver's SQLSetConnectAttr failed
ERROR [HY000] [Microsoft][ODBC Microsoft Access Driver] Cannot open a database created with a previous version of your application.[Microsoft][ODBC Driver Manager] Driver's SQLSetConnectAttr failed[Microsoft][ODBC Microsoft Access Driver] Cannot open a database created with a previous version of your application.
   at System.Data.Odbc.OdbcConnection.HandleError(OdbcHandle hrHandle, SQLRETURN retcode)
   at System.Data.Odbc.OdbcConnectionHandle..ctor(OdbcConnection connection, OdbcConnectionString constr, OdbcEnvironmentHandle environmentHandle)
   at System.Data.Odbc.OdbcConnectionOpen..ctor(OdbcConnection outerConnection, OdbcConnectionString connectionOptions)
   at System.Data.Odbc.OdbcConnectionFactory.CreateConnection(DbConnectionOptions options, DbConnectionPoolKey poolKey, Object poolGroupProviderInfo, DbConnectionPool pool, DbConnection owningObject)
   at System.Data.ProviderBase.DbConnectionFactory.CreateConnection(DbConnectionOptions options, DbConnectionPoolKey poolKey, Object poolGroupProviderInfo, DbConnectionPool pool, DbConnection owningConnection, DbConnectionOptions userOptions)
   at System.Data.ProviderBase.DbConnectionFactory.CreateNonPooledConnection(DbConnection owningConnection, DbConnectionPoolGroup poolGroup, DbConnectionOptions userOptions)
   at System.Data.ProviderBase.DbConnectionFactory.TryGetConnection(DbConnection owningConnection, TaskCompletionSource`1 retry, DbConnectionOptions userOptions, DbConnectionInternal oldConnection, DbConnectionInternal& connection)
   at System.Data.ProviderBase.DbConnectionInternal.TryOpenConnectionInternal(DbConnection outerConnection, DbConnectionFactory connectionFactory, TaskCompletionSource`1 retry, DbConnectionOptions userOptions)
   at System.Data.ProviderBase.DbConnectionClosed.TryOpenConnection(DbConnection outerConnection, DbConnectionFactory connectionFactory, TaskCompletionSource`1 retry, DbConnectionOptions userOptions)
   at System.Data.ProviderBase.DbConnectionInternal.OpenConnection(DbConnection outerConnection, DbConnectionFactory connectionFactory)
   at System.Data.Odbc.OdbcConnection.Open()
   at System.Data.Common.DbConnection.OpenAsync(CancellationToken cancellationToken)
--- End of stack trace from previous location ---
   at DoctorSoft.Data.Repositories.AccessUserCredentialStore.FindByUserNameAsync(String userName, CancellationToken cancellationToken) in D:\Projects\DoctorSoft\DoctorSoft.CSharp\DoctorSoft.Data\Repositories\AccessUserCredentialStore.cs:line 19
   at DoctorSoft.App.Security.ResilientUserCredentialStore.FindByUserNameAsync(String userName, CancellationToken cancellationToken) in D:\Projects\DoctorSoft\DoctorSoft.CSharp\DoctorSoft.App\Security\ResilientUserCredentialStore.cs:line 42
   at DoctorSoft.Domain.Services.AuthenticationService.SignInAsync(String userName, String password, CancellationToken cancellationToken) in D:\Projects\DoctorSoft\DoctorSoft.CSharp\DoctorSoft.Domain\Services\AuthenticationService.cs:line 28
   at DoctorSoft.App.Forms.LoginForm.HandleLoginAsync() in D:\Projects\DoctorSoft\DoctorSoft.CSharp\DoctorSoft.App\Forms\LoginForm.cs:line 56
